5 167 99 286 263 117
5 168 41 246 200 42
5 34 275 220 53 20
5 0 184 210 79 131
5 108 72 58 128 30
5 296 87 276 277 55
5 216 88 227 29 186
5 180 249 137 40 279
5 164 4 218 239 211
5 54 8 15 268 175
5 116 7 225 157 165
4 85 80 144 86
4 110 134 56 26
4 212 299 18 22
4 103 24 44 6
4 75 159 129 291
4 294 162 21 5
4 148 203 224 115
4 133 136 174 229
4 62 260 28 270
4 259 193 172 251
4 161 273 241 278
4 127 150 64 52
4 13 187 295 132
3 92 74 82
3 95 171 191
3 290 38 253
3 107 267 23
3 105 125 140
3 285 60 147
3 261 57 93
3 63 245 139
3 198 226 118
3 19 166 138
3 156 232 199
3 213 230 78
3 113 91 292
3 188 39 280
3 96 214 47
3 281 284 262
3 32 102 231
3 282 222 240
3 244 158 169
3 204 254 274
3 217 50 2
2 146 121
2 122 3
2 202 68
2 14 111
2 185 209
2 271 61
2 236 160
2 207 298
2 27 177
2 243 197
2 11 73
2 163 237
2 258 114
2 170 89
2 109 269
2 195 48
2 190 90
2 76 235
2 283 81
2 25 201
2 101 287
2 70 124
2 10 45
2 119 248
2 83 255
2 16 250
2 98 31
2 205 51
2 35 266
2 238 182
2 181 289
2 112 242
2 219 106
2 264 192
2 223 145
2 196 155
2 265 176
2 12 71
2 152 297
2 67 215
2 104 120
2 66 154
2 59 126
2 141 252
2 142 228
2 17 206
2 100 256
2 43 97
2 288 46
2 233 178
2 194 84
2 37 189
2 143 9
2 272 173
2 69 77