9 8727 9765 278 8658 866 4651 4122 801 3665
9 9697 6106 2689 8195 1788 5806 7635 121 4688
9 644 7045 9512 6207 8095 3292 4089 3463 7658
9 8916 5204 8486 2427 2246 5560 5982 2570 2422
9 2563 4341 1892 5751 8514 3716 5139 8376 5067
9 3081 3555 6809 463 2543 9561 6683 3252 8757
9 7533 591 9309 7882 1946 7647 4343 1167 551
9 1448 3420 1069 5304 6919 33 8458 4606 5133
8 7503 5606 2743 7891 9316 4427 1734 5508
9 8888 7903 7259 72 4591 9382 9296 3356 3358
8 4560 4002 9060 2472 1863 2432 2871 7424
9 3728 4840 6330 3465 8595 2009 5764 3286 3916
9 7034 5885 2816 8260 4917 2398 9503 5661 263
8 2193 4128 7443 5088 8285 8208 3158 510
9 3271 8406 1239 8198 701 2248 4939 1359 8691
9 1083 1169 1593 9348 9830 2382 8891 2932 8613
9 5199 2396 1218 4163 9937 2462 8908 4549 2624
8 5164 2501 9413 2952 6839 8110 5188 9950
9 320 9853 4675 5424 224 5411 8827 799 3461
9 5649 8139 8881 7422 8149 5592 7805 2810 8369
8 3323 7114 5367 1864 7209 2460 2110 8784
9 9421 6684 3425 499 2775 7398 8392 3814 1984
9 6612 501 4827 4228 1025 8175 6127 3663 6843
9 7698 2648 8852 7681 7948 3369 675 7179 708
8 4673 4772 5045 5834 6255 8887 7750 4429
9 2097 4706 7852 195 1004 9320 7122 9553 4249
9 5187 8661 8087 1595 216 3615 9623 8932 4134
8 3739 9319 6795 1207 3982 5113 9249 893
8 4093 5220 5744 8778 7705 3244 8304 1490
9 3115 1957 4803 4097 872 6405 6315 2577 578
8 7393 7959 3706 9003 1649 6205 9776 9555
8 2036 5996 1817 4609 6676 4438 8879 1865
9 474 4822 1173 3862 6111 1424 454 334 8860
8 3526 7910 4141 6584 1320 594 7702 9737
8 1082 8239 2353 3537 8695 3470 8471 3072
9 22 2668 752 8181 9975 1706 2226 662 9422
8 2797 1780 6083 8905 4082 5456 9116 1582
9 7035 7237 8654 6155 8998 616 3779 5503 6312
8 1840 6872 9327 8356 7535 5285 5348 2740
8 6677 8582 6377 8227 2212 8789 273 7904
8 7619 7161 7558 8885 402 2815 3294 7092
9 1384 4046 3785 2846 9158 3682 5577 7232 5170
8 7137 4786 9851 9801 6131 9811 6552 2883
8 7264 8373 2115 4990 3114 3348 7642 1292
9 7859 4451 9401 7999 9907 3733 7038 5002 5938
8 5957 7090 8150 2235 9339 5015 5927 1710
8 3090 7468 26 2027 9612 8416 6653 4338
8 692 129 5120 3272 974 9963 1285 6687
8 2485 8854 2802 735 4810 3392 3338 7005
8 6626 9458 7880 9588 3747 1442 1324 5361
8 3374 2210 9738 6539 2918 8203 4238 4161
8 4649 5197 5873 3678 8821 2437 9826 5963
8 6594 2763 6284 5033 8519 5459 2493 2438
8 7287 6047 9657 5514 9325 9977 6139 5579
8 4513 2677 3713 7231 3126 5545 9956 7661
8 2682 7578 7296 6149 5845 7654 9247 492
8 4834 7124 4077 8441 5317 188 7962 8751
8 2622 4188 5794 1423 9505 7950 7397 7290
8 8035 6833 3485 9501 8182 5267 8345 8365
8 2582 7860 5276 3591 4535 2205 174 5454
8 3281 9287 57 4764 5602 1973 1763 3689
8 4695 1979 9334 7858 4607 9383 6665 3608
8 6791 2801 6541 5705 5273 7671 4399 8928
8 7644 8482 9343 3518 7511 5771 1121 414
8 6236 1795 4957 7318 8571 1875 7540 3496
8 5024 9405 3312 3212 6564 2566 9796 230
8 7080 7385 7789 2320 6146 3140 7565 186
8 3925 6520 1594 5842 5656 1581 1096 274
8 3110 7678 2859 2914 7077 1569 6627 1119
8 9264 6103 4415 9113 4431 7432 245 1859
8 2922 8927 7073 6501 3376 2665 5035 4923
8 8069 4579 536 9308 5795 5891 7119 8555
8 3061 4230 4354 3148 4099 1055 7281 8147
8 3118 6420 4846 1142 8434 9335 8337 9568
8 9431 1925 8017 571 1348 1592 5226 4691
8 3910 704 3456 5313 1804 7641 490 1921
8 2232 3725 4001 6649 8389 9469 4 3142
8 6971 7905 1443 1016 818 2567 2149 5129
8 7351 3805 8722 5090 7058 9844 5676 5928
8 8740 4471 4682 13 8625 3255 5697 8586
8 6082 7791 236 6085 451 3373 3177 2782