20 6689 7088 7638 7379 3839 6248 4426 2125 4032 3630 6372 4210 6232 7213 1336 6621 9797 4273 5046 1646
23 519 3918 4661 9890 935 8555 1211 40 8026 5250 6083 77 3873 8314 3074 2226 3034 5354 2689 5395 2794 2376 2664
19 1066 8189 2605 3583 5562 7305 517 6130 5739 4336 6787 2750 522 3950 783 6876 784 6242 7093
23 88 3294 6239 1628 9341 9263 7629 1299 1791 3328 2633 6122 2299 154 8081 6841 5765 2202 7992 2886 4752 4568 994
25 7499 190 1054 3200 3680 1324 4331 4969 7370 5941 4832 695 2580 1154 3234 8439 5754 4023 2911 4926 1954 5922 4162 7824 4936
19 606 3527 6942 1874 9720 1921 2039 4521 4036 1451 6980 7828 7300 5544 9338 1576 778 638 626
25 3817 9406 5112 9255 7557 1106 633 5193 2065 1531 2 8097 9826 9026 173 8013 3342 8971 9445 3268 299 3983 8580 8106 1304
26 4525 3005 565 8791 8445 6336 8560 1620 4397 7778 8225 819 1783 7351 6033 9825 8318 1704 167 7348 4508 4418 7166 2286 59 7937
23 5335 3579 6735 3565 6705 3366 5593 6331 8027 3339 1031 8475 149 6697 5605 1498 5297 8942 2114 259 5055 7586 8113
26 677 1609 2711 3354 6475 1355 8116 9458 9284 1271 536 7865 1431 2715 5072 9327 3448 1687 9315 6309 3084 1231 4977 790 3892 8582
25 4742 6329 3329 9869 2333 7203 7282 9952 7422 5105 8743 670 5909 171 1382 9293 3151 3183 2855 644 6700 5224 7154 7943 2691
20 423 2015 8367 7726 6848 2614 304 2765 3674 803 6588 337 1360 8036 9898 8836 5718 1290 6458 4374
19 6466 1372 4679 7301 4106 6167 9355 3913 6948 1187 340 5231 861 1279 5435 7310 7896 8949 1322
23 2920 4583 5369 8157 5295 8642 1553 9228 230 7006 4340 6622 2348 4876 2027 7470 1483 3882 1374 6950 5443 1254 4292
25 8175 8557 9543 7323 6547 1494 7811 523 2556 76 4219 3595 4464 7418 8512 8196 8135 2127 1526 6401 1462 188 1230 8171 7252
23 7475 109 8774 4686 9477 2673 2954 8028 6138 2109 7790 1727 4571 2988 7439 1765 8914 9339 1144 9168 770 1261 3985
18 2519 817 6003 3445 7779 6857 8745 8969 6264 9522 6276 5918 4466 323 5065 8404 3229 2463
21 4094 7028 1200 7446 8530 7246 4541 368 2325 3628 7447 9488 9119 3822 6768 7954 6334 540 6981 1909 2845
23 6002 7398 8835 601 8615 9466 649 8998 4114 5176 283 6846 7510 1486 8233 1107 3996 7902 4931 3327 7002 5280 9476
27 4839 5948 4648 4016 1963 9613 7777 4045 1110 8058 7894 275 4824 4582 4746 9739 5793 2381 2650 8393 5264 1495 1060 8226 8178 2276 5672
18 2735 3409 666 8956 6415 889 614 1964 4461 5383 7851 1156 3683 9703 8648 1961 8163 6350
28 7965 3575 41 5566 8448 2999 2831 2377 4858 7474 2846 4456 2082 2137 8646 3377 2340 676 1025 2524 6551 123 79 2764 8152 1898 3719 8718
25 5497 3540 1221 506 531 9972 5279 5514 3505 3127 9038 9779 256 7094 5349 114 2496 1162 8208 7681 3002 3128 9120 3718 6650
22 2432 2942 8346 417 4101 1973 6905 4988 1914 1857 8317 983 2378 6144 9603 2249 3275 1278 9307 1614 6507 4158
20 2465 7180 8784 4352 3258 2645 9758 887 4359 9828 487 3385 4612 3653 1848 7603 1731 9184 438 9326
24 5018 8302 6265 7690 1079 559 4195 8585 987 3597 4772 3299 6763 3244 6376 2752 5648 2779 1379 1899 3041 1826 5988 4592
22 5860 2944 6818 3124 921 1943 7498 7501 2694 8593 6608 9275 1124 6661 5726 5740 452 4563 2821 8508 9700 3643
25 672 9090 6029 9562 9002 3818 1565 353 7316 6775 5092 6816 186 3397 8676 8905 2918 4462 3423 1362 5617 8468 7906 6016 5334
22 4601 1512 6128 3319 3732 3194 5830 3867 2568 2548 8624 4043 3142 6758 4579 6303 5328 182 5429 4570 7968 2964
24 9888 9347 4196 6718 1580 7337 8173 6491 9089 3031 6240 9843 8576 4712 7500 5119 574 4640 3273 3287 5461 5647 707 5669
19 4008 7862 4764 4784 1960 9219 366 8108 9704 7797 8436 3355 9066 8479 3254 7530 8441 8622 4103
24 3090 4959 697 5721 7382 552 1250 9948 1942 7014 6140 7194 5556 8986 9175 5186 2860 8005 2792 652 1658 148 8959 5819
17 6916 8262 1563 6081 4470 1850 2892 1941 5270 5114 9365 6489 9398 7859 7568 828 1087
25 5324 7704 1734 3717 3414 3082 3468 6067 1799 2248 5041 1396 3241 6486 6581 1444 7238 9050 3125 6954 3727 8925 316 4 4716
18 5970 2079 6711 5240 7346 7712 153 2084 8335 9802 6295 5013 4402 5897 7269 5581 5404 3880
24 8310 1773 2690 9804 3326 2406 8851 5289 5959 8150 8767 545 7292 6754 7674 8052 7514 5236 3488 4383 2730 6585 295 4662
23 4618 567 400 1233 1508 6584 4605 7558 9074 5021 6114 8492 3235 7385 2913 8443 8287 1241 8685 2251 7813 980 465
25 9409 699 1994 47 4372 8742 595 1168 9611 3854 550 7440 8833 9583 7125 116 6812 5677 8639 51 869 9336 70 910 8870
22 6663 9402 7430 6984 9735 8272 9823 9592 9790 6953 5689 1253 6471 2403 5261 2953 1445 7261 2827 4611 5058 1318
26 2720 5818 5006 502 8682 6729 6805 5702 7697 5074 8193 6203 618 1308 3473 5908 2739 2617 3953 1708 8678 2970 2487 8612 5415 1378
26 6277 5875 4164 1655 2323 7162 3524 2547 3754 9141 3269 6488 4825 6604 6504 6530 3590 5200 9107 6472 6193 3914 5011 8538 3559 8921
25 4855 7889 7648 9549 7686 4786 3770 7010 7555 1459 3501 274 5171 1743 4165 220 287 4671 7481 1662 8142 5659 7123 4156 1131
24 769 5491 4875 1186 7411 826 1475 1069 9106 1561 8534 8049 8841 7520 7175 7517 6549 8405 8608 2830 2993 3405 5842 4811
25 4309 8020 481 5620 8653 9127 9101 3247 5260 8446 4343 5305 350 1953 4632 2552 5468 5542 1766 4757 3260 822 6371 3218 3324
24 5235 9852 4299 3840 2900 8529 9027 2220 3790 5411 724 4625 1050 6945 6347 7590 9352 1928 140 1698 6045 6715 6212 9865
25 2571 2838 8573 9105 8079 3054 1968 9928 5564 4449 4667 2373 2153 5032 467 3455 8280 8852 5206 1070 9895 5316 3238 7069 1642
23 1305 627 1142 1252 9564 9809 252 6909 9623 1831 6375 6452 4232 5258 3136 4655 3695 3063 746 8487 7228 3702 9472
25 8708 9685 199 9042 6213 514 9408 553 6103 4939 1767 6629 5872 7101 1164 5336 2466 7774 1172 9885 9067 9793 9977 3110 7795
27 7463 2538 4225 933 1245 5170 2011 7143 7120 7566 9022 5172 1130 3101 50 9572 9565 205 9715 9211 5935 8572 6148 6258 472 3386 8217
26 1209 5990 3541 9487 2382 8609 1346 7339 1104 2281 2104 6769 2859 2478 6977 8889 5585 6938 2569 4480 2962 5095 637 9095 7881 3134
24 9514 8055 9628 9485 6141 6639 9159 1179 1417 2048 355 9508 3137 2762 1604 1370 7333 6310 5126 7660 5209 3180 4122 3812
21 187 6558 4867 951 2717 9516 3672 5486 239 8906 8432 7721 1505 9034 6611 1915 204 7450 6151 5666 976
20 4377 8376 4084 2132 4326 7988 2086 5394 3356 7560 9112 2447 2038 7706 460 8092 4082 3652 8156 1139
20 1097 789 5955 161 674 5844 365 893 8815 9542 9092 8294 4738 7027 2188 7850 7953 669 8726 1562
25 273 7129 4794 7102 5601 91 2652 3227 4689 9143 6712 7007 6602 8362 7661 6054 8457 9551 7257 6411 6573 2679 8654 7111 7460
18 9679 2589 6745 9647 1944 8819 5243 6006 9594 5506 3301 8256 8423 9013 6096 2592 325 2544
25 6783 166 6307 2780 9586 422 2386 9392 5070 929 5353 918 3150 6776 3553 7032 2616 2111 2483 6440 9689 3787 9215 5877 5348
25 5440 6924 7224 1201 3502 5287 8869 4828 9741 8244 7326 9366 4626 6620 2199 5363 4427 7544 9771 7026 1141 4350 6271 2441 8069
25 9003 5393 1363 849 6422 6013 7197 2121 4550 2636 6047 5532 9250 7605 7921 4889 6646 2723 5673 9660 9189 8735 8008 1055 7472
26 3444 1013 7554 8868 1913 7263 4270 2107 5462 8963 639 3251 9816 5529 6116 4276 5607 4333 1574 7518 3015 7202 9014 9782 5547 3569
20 4059 1635 6206 8915 4396 9702 4048 3295 9541 1974 2215 8496 192 2347 2987 5960 2193 4996 6492 5293
24 6815 4537 6836 3603 6567 9276 5457 3946 5101 2402 2945 2024 4168 414 2254 7725 1616 5588 8983 2349 8867 2113 4015 7783
25 9752 5858 57 1557 6523 8228 2314 9440 8214 6987 1603 6910 8621 4881 5734 963 6180 4719 5414 228 6046 2103 6311 6687 2658
22 7861 1024 3616 8042 5650 993 3181 9950 4884 7334 3507 7286 3195 420 6464 2890 1607 4416 2219 2277 488 4492
23 5769 8459 3411 1873 1910 7245 2578 7534 3710 4394 6059 1870 4942 4280 305 4945 5331 9745 6065 5098 9494 5458 8331
22 8477 2123 4285 1792 4652 9410 3904 4677 7971 2439 4212 5052 7377 1298 6506 1258 3464 5961 383 8363 2876 224
24 5086 9473 530 493 507 5713 2981 5569 285 3065 9224 771 8270 4360 1717 4762 3226 9719 7290 1425 3612 6533 3514 8490
26 8518 9768 4665 3105 6208 5695 3623 8257 7508 4282 2601 4248 1897 561 7024 7106 2365 3897 4581 7495 8467 1334 9787 2185 6917 3617
21 5445 8629 1869 950 7662 7805 833 8239 6861 3277 7798 6429 5863 9437 5755 4444 9309 1878 1074 6595 3204
25 7070 8021 3602 4028 9135 3482 9812 1338 3811 133 683 5651 4460 2996 7786 9518 9892 3716 2968 6358 5439 3126 9241 327 9117
22 6263 1651 8803 6512 767 6161 1255 2931 8431 6204 4870 2545 9959 3815 6354 9008 7423 2161 3677 5494 9517 9380
21 5934 1194 8831 8595 5994 5099 4773 8692 9205 6975 184 7388 7258 6797 4037 8706 3766 2879 8391 5977 4133
24 9305 1489 3865 2216 9537 3215 1700 9054 7381 6708 3267 9593 4067 3763 7871 2010 2257 2761 1126 1085 5894 2421 3928 8874
25 9707 328 135 6069 6034 6580 7169 7066 1716 3782 9994 2205 4443 8673 619 1373 1548 2800 6723 6688 6936 8797 1084 4530 9532
24 5299 9595 9556 1260 7628 8403 6647 1309 8659 3463 8064 5565 8129 3961 3214 3888 931 3800 8180 8454 324 6955 1573 7784
23 3607 9463 7698 2470 1182 6476 2948 1198 7659 4073 78 2294 9218 4322 3382 132 7780 9794 8716 4408 9486 7985 2172
27 9313 9087 3875 448 102 8191 560 7746 6188 516 7488 754 9139 7807 4912 449 8689 2150 752 3563 6084 2807 7833 9668 8897 6465 6152
25 9976 6752 8637 4088 2577 3802 1676 847 5527 8470 6436 2990 4663 6734 5524 7294 5594 8472 2088 8223 955 3762 8211 1082 8154
26 3549 7082 1804 3191 6648 9846 4699 934 3909 2374 6722 6378 1387 6459 1690 9423 5590 4448 3209 2746 8321 4354 5889 8884 3458 1150
24 6695 8029 6360 1977 64 4256 843 4564 4249 736 5600 3351 547 2685 4176 4598 7473 2392 2490 8861 4149 9589 424 7601
26 9393 1090 5507 4733 4318 2033 9195 1169 7457 3157 3509 2769 4279 3808 9547 7541 3387 4238 468 6487 5075 6007 4257 8541 6840 2169
24 4758 5856 4255 3477 2473 2275 8510 8901 9001 612 3714 5102 6854 8199 3000 5416 6531 4253 8625 5251 9676 763 7772 9131
22 1335 6877 2649 9065 2753 1098 3621 524 7266 2501 1307 9658 2284 1621 2701 1397 6194 6535 1726 4723 9004 8947
24 1867 6884 9254 856 4485 1189 2128 8864 3210 9114 7842 386 2017 8010 6086 503 4081 5707 345 4180 2405 7219 5592 8453
23 6822 7846 5957 164 9761 6251 711 3735 3496 8705 1236 4874 6928 3018 3153 5085 8756 5657 1665 3095 635 5931 2411
27 7429 4511 4507 7492 7912 8190 5962 7822 2874 9303 2621 490 6231 9988 6396 6020 968 1890 5772 5781 1484 5867 5368 1147 9717 7011 9430
24 3156 2928 9696 2934 5711 8804 3622 7837 4491 5998 3271 7164 5313 8532 1782 6637 5430 9500 9271 2080 792 5599 7311 8847
23 3629 6068 3188 6446 9289 494 342 8182 6292 6982 6862 4382 7137 1671 4201 2533 5752 4283 7946 9781 8482 8552 7161
18 5300 2143 2782 9512 907 3193 3573 6773 1094 743 4386 1122 6796 1112 7577 7391 2608 3562
21 1273 9306 3795 846 4555 5366 2171 8843 6444 5986 7340 5568 2688 3004 8846 7841 411 1173 5130 2100 8934
25 2316 6404 9666 9926 9575 2825 8243 8018 5684 779 1420 543 3141 4978 243 217 4650 5115 1520 2624 9615 3378 4446 8120 7049
21 2883 8104 4228 3433 74 6197 7935 4009 2861 4535 5778 5520 5747 4118 7264 5745 5410 9555 9383 7742 3620
18 4307 7913 1232 7987 3077 6772 8601 4947 974 870 1971 8859 7694 3460 3349 7565 329 2597
25 9799 4877 3263 6764 5779 9949 1613 4944 52 2829 2760 3593 5981 6176 3413 6001 4771 1089 6964 3932 4551 5499 3571 3611 7058
23 3307 3029 4080 7884 2404 2260 7068 3799 6134 4711 2959 8656 3973 1351 6215 917 4192 5190 9887 8619 5817 3791 9638
22 7040 3160 8073 8093 4914 1509 2368 379 4472 7672 6442 7551 8528 3164 7 1760 5338 8526 1225 6266 2839 3120
24 1757 271 9757 2686 9475 2802 3393 7271 30 4821 4378 7610 6714 4902 250 8812 3670 8315 891 5972 4967 6273 6576 8891
26 6670 2293 2198 1465 2731 853 9177 8645 4046 5907 2513 8550 1715 3416 733 5482 2186 7752 2232 9904 5145 5423 9434 5311 4641 5294
22 2949 3024 5017 7922 8035 5847 5302 2241 2713 2345 1073 5575 9835 1696 4917 5736 5800 9373 944 6035 8137 4186
24 1315 3572 8902 2352 4704 821 2453 9822 3731 1876 9784 3841 7653 9435 4513 9893 3048 429 2734 2946 1148 9560 7766 1929
20 1543 2422 9640 1803 4853 4682 2213 9480 2950 2279 2712 520 6554 1244 7170 4375 5735 4364 4683 4145
24 8703 7792 9297 1326 7994 1846 6962 130 402 4690 3722 6983 5558 2016 1828 1434 6949 2707 3744 4672 8168 8308 2806 2117
25 5192 5466 8198 5829 761 2771 2640 6283 9248 7915 5679 4651 3009 9183 6102 6813 8016 6524 393 3219 2310 4174 6481 144 5225
23 9847 3976 7243 6000 5158 5576 4623 6885 2901 4221 2504 6146 3163 2749 2587 858 7332 54 2460 1234 360 5597 2627
27 7401 6457 2714 1527 1640 9744 225 7344 2966 2938 2534 5247 6970 276 8361 812 9111 6162 5993 346 5784 7539 5407 4445 4927 7289 2271
24 2135 4455 8040 4830 1352 3165 2115 4937 484 4290 6858 8009 1469 34 162 8474 9535 630 2450 8849 56 3965 5273 5606
28 5424 3276 8435 3104 4003 4481 3290 1101 7387 1197 8798 3556 3316 4487 5340 3016 8863 6027 335 5111 7910 8839 7426 4161 8369 2321 3838 4750
25 6115 9544 655 9450 2464 5724 9028 3851 2989 6898 9330 3847 2947 5625 3395 4334 5574 9414 6017 2266 2985 371 8 4140 2615
24 2917 1030 2425 6316 4137 6293 4089 7689 2309 4608 9225 2414 5396 2936 3517 8660 2001 8633 1903 6368 2133 2449 9766 1134
27 3869 4833 439 6550 6024 6719 8164 397 8159 8148 1656 7750 6201 216 3072 3521 9060 9342 625 4151 8626 1617 1641 4157 2322 3994 2225
18 117 6403 7477 4499 5389 3907 3625 9193 3577 9762 5194 6010 5634 1467 107 5923 3500 7533
19 222 7993 2401 4657 873 8688 1982 5068 5796 6666 4342 7126 6229 5242 1683 6246 4909 8337 5108
22 7928 5189 2147 3721 396 4441 3874 1012 6157 576 2364 2785 1906 8172 62 1927 7291 1938 9210 898 4013 2208
25 4071 8426 7312 8681 2060 7171 6237 8486 8667 9368 1980 6406 8025 8539 7521 9312 3587 9115 8497 8753 9294 1129 5047 6087 1948
23 8292 6741 9636 7847 7761 5033 9701 5534 2234 8366 67 8997 8992 6528 3523 6050 8577 8899 7359 1991 9446 2492 5812
22 6807 245 5887 7494 772 5603 2898 6041 1433 17 6707 9400 591 2459 1083 407 1044 6108 3417 2656 5714 1343
23 7957 315 5602 6402 9539 9496 5567 6677 3750 6104 3404 9083 964 2590 727 4004 5965 5127 4399 9540 4554 8185 710
27 8731 3176 5511 6438 2741 7479 9075 1523 8263 8407 2040 6253 8960 9023 7009 894 5175 5257 3497 3954 4545 6343 4324 8885 9545 4338 8850
26 9619 5089 3426 2787 9180 2543 2875 8500 586 9221 5911 2159 7018 6008 1719 7875 4505 6557 4943 2692 1600 4968 9499 1653 8087 3337
26 3855 7512 69 4705 2105 7278 175 3685 3231 1911 5073 7547 5061 9444 1078 4681 7160 3506 9662 4577 5399 1482 6501 9277 6750 7146
22 1138 4910 7086 4141 7209 5409 7762 1470 2366 538 2063 3536 5805 6400 7121 1174 7963 9465 9773 8260 1983 3975
25 303 2230 3544 8796 4953 1644 9566 6179 7817 5878 3845 8649 4688 5786 1649 786 6175 7060 1358 4707 8046 3868 8717 2312 3043
25 9325 7585 8816 4297 1902 8259 9900 578 5910 4125 678 1402 6447 8616 2358 6478 5165 3318 9529 8964 3922 9493 2880 6559 3883
25 2559 3148 3786 3368 6645 5088 8075 8103 1947 1800 3282 2955 1435 2197 3353 1711 8478 925 9841 9580 927 5688 2847 3724 8276
28 713 8574 9030 6652 9429 5082 8970 4206 9729 6345 2468 9157 5880 238 7743 8513 8495 3935 6432 7199 9525 705 3274 8943 9876 9918 3286 5883
19 4894 6658 9012 1997 8772 5332 5040 2244 8569 370 1622 6510 2101 9098 6275 7251 1809 587 9829
21 372 9452 2973 9795 267 4629 3981 2025 3751 5548 4801 8234 4932 9455 5066 8114 9280 5077 6434 3255 4799
22 700 6804 4349 7787 1102 3098 7239 7407 10 6820 1519 7832 1477 2895 4030 2050 7279 1086 9371 6112 5449 2609
23 6831 2742 8410 823 9645 9424 7542 8826 6301 9407 90 4368 9506 8347 5832 226 8853 191 6702 4077 7951 3020 8319
24 3167 206 6245 5674 2173 281 1389 1592 357 5016 2344 801 2560 8427 7201 2029 2168 2091 9922 314 8320 3390 2819 7036
21 961 6747 9495 290 7211 4749 7347 527 2398 3982 2646 7923 6230 3941 1552 2629 4905 1972 8939 343 7182
24 2061 7677 4250 1647 572 8188 1937 9837 7594 65 936 5104 1357 6612 6811 7616 1950 2932 3363 8752 2628 4308 1951 4005
28 7657 4112 4957 9710 6272 4400 2527 4866 1348 9859 7654 4734 4486 2960 1310 4597 1572 1632 7212 9279 3033 555 9340 131 9061 2090 1204 3903
18 6706 3696 1325 6730 9270 261 5367 7047 5427 4961 466 9953 2318 2905 302 7496 1547 8131
25 6381 1588 9947 3966 241 4713 7907 3895 5465 1981 8268 3201 5767 2563 3300 139 8651 358 3306 1080 269 7079 5239 3264 8517
26 84 5049 3108 5012 9262 4300 6066 1248 5481 7178 2506 279 2443 1926 9318 6532 496 2387 7981 2083 7740 3627 2843 7831 1602 4275
24 3055 3989 3921 8059 4607 5701 7812 8506 4111 3963 8383 9103 863 9091 7419 1836 1916 6095 9206 6770 8507 4901 831 8278
22 1560 4635 9130 46 5557 9881 3905 689 9358 4569 7820 104 2242 2553 8634 9973 9942 8096 9290 3712 3690 6348
22 8640 1697 284 208 8094 3261 7532 1790 6868 2341 3489 8359 9958 6328 158 9356 8483 1759 1728 2196 9764 4281
23 24 8848 9385 5917 6967 4355 1117 4147 2191 1345 8299 3567 5687 7675 9995 373 7776 526 3626 3942 6717 9831 9677
21 4143 7198 7870 1797 9684 2984 4634 4433 196 4128 7582 1932 6802 9323 4381 8655 289 5833 4900 1615 247
21 920 6150 6012 3112 7636 6971 4065 8871 9474 2923 2851 2662 1678 9932 5010 3835 648 3310 4883 4951 9281
25 3555 739 4437 3403 6409 8421 3102 6657 7903 5608 4539 3893 1905 7417 5882 577 3730 4178 8894 6136 491 7863 3518 321 7771
23 541 1689 4815 2896 5815 1004 7414 6571 5042 8725 6184 7405 4614 6667 339 7895 725 4668 5024 8091 1454 1210 9172
24 2356 6053 5351 9738 7386 4130 2706 979 2272 7267 9333 3699 1989 2682 5149 9695 848 5775 8456 3250 317 3093 8898 4865
25 6901 9627 5686 2077 992 4854 3746 6460 1638 9968 235 1337 2139 7939 5810 875 1596 4362 1274 3876 4542 2259 2070 9648 8700
24 1515 8978 8236 9457 1474 118 7234 1598 1096 5210 9213 6462 3912 7313 6823 9386 3344 7244 5797 351 3898 7165 685 9304
25 4078 6756 5719 4587 5422 2059 8379 374 3648 4638 8952 2052 8289 9376 1340 7802 4370 1957 6369 5871 7416 662 8043 948 2586
17 9675 7109 5837 7680 3776 4710 2721 996 8002 9367 6284 3040 5146 1703 5896 170 9770
28 3442 5214 1843 611 5662 4497 7569 2958 2804 4566 1840 5278 6824 1275 6339 3748 9616 7932 3198 2820 3303 4726 3322 1288 4540 8704 3279 6870
23 55 8203 2036 832 3636 9273 1864 1532 8809 8481 1988 4992 8153 3525 1775 6553 36 8834 8866 4134 9507 7789 4538
21 3253 7768 4482 4880 4709 1008 7749 6926 5864 6565 9870 8844 2674 1413 3023 9200 221 1619 9850 9396 6113
25 2576 3236 9045 1904 6398 2119 7816 9370 7516 1461 6713 5133 6363 1827 4039 4514 6937 9174 6760 2503 7039 176 4751 7436 5501
20 8329 8892 4666 3970 7466 6379 7924 8755 4198 5577 5128 9235 3087 6166 2182 9891 4226 4731 82 675
19 6412 9267 4836 4274 4921 9015 3135 8344 7646 3013 1375 9285 9310 8777 3864 7717 8138 1341 1006
23 4346 2748 8434 7373 6078 9272 5076 9639 4266 8099 2400 3213 72 3159 6289 6860 6626 1737 6183 3911 1350 7524 9642
23 3580 6450 4602 7785 5660 2969 7045 6333 7620 4264 5249 4997 4454 9930 3332 850 9041 1744 8579 6844 5362 8061 9227
22 2247 5636 533 9681 4593 9381 1660 4453 6680 732 4369 1053 227 7893 7670 1205 7159 5450 7214 1514 5232 6514
25 549 9944 3370 1587 1181 5169 544 1639 4072 2390 9490 7538 1796 8549 634 8732 7945 1238 5924 4760 1868 3923 5973 2618 6342
18 4090 3578 2110 7237 3902 7076 5675 500 9039 1155 6145 6592 4922 5515 6005 4697 4040 1003
22 6198 3317 596 922 9576 7134 9612 5933 1861 9351 806 8242 1854 2965 7306 9582 593 5980 8095 443 2998 2298
24 5885 8548 6125 1175 6537 6274 3469 3432 5262 9643 4919 8669 7352 3700 2832 3711 1157 2067 2643 3931 1195 757 2032 5020
23 9523 661 6742 5347 1845 7118 3205 9077 6850 8261 9085 8661 9798 8281 760 2778 4116 5822 8684 1149 3945 8900 2677
25 3988 7320 3462 6420 2651 7152 1412 6426 9319 8428 3574 5583 5704 7016 7598 6126 2081 2826 885 5560 3886 3081 7702 4057 7733
25 9140 8338 168 6739 9182 85 4617 3434 1710 7231 3592 5122 1814 5733 9957 4960 3217 2575 7827 6448 7233 5964 7215 9577 7410
23 4637 5890 8254 6601 2160 8412 458 8987 9000 4675 6678 6778 9886 94 7942 6668 5912 9808 4994 1542 3046 1939 2813
22 1005 3891 2992 2056 6893 3169 6484 1891 7142 8750 2611 1068 5288 1036 1091 413 5814 8295 1645 4295 3107 5538
22 375 3092 2181 2385 1081 9836 3450 8450 8105 518 9113 3078 9943 6131 6315 2195 4864 7540 4995 2287 7335 1722
25 157 945 4502 1503 7232 5291 2919 2857 4244 4014 2228 9361 4204 1041 5484 3545 8907 3132 9501 5337 755 539 6959 679 7899
21 2869 2915 2074 6261 2360 6746 4159 9192 5635 1702 2461 7302 2183 1032 1440 3240 4252 5926 2961 1400 9536
23 7956 2642 9071 8151 876 3673 3761 501 1681 4002 6728 9029 5862 8567 703 1361 8604 7736 8515 1219 8825 2329 6322
27 5716 7612 8713 5120 7710 9617 1583 5116 6832 4594 3561 6683 8212 9302 9278 2700 5419 2354 2672 3440 2811 2798 2342 2224 9938 6405 2163
19 3103 5743 8309 5307 1206 6806 5284 4619 4631 1618 2367 3706 4576 7491 6417 6373 4267 2698 5665
22 8962 4184 9705 1460 1430 9737 9441 3278 3449 473 9863 5870 2708 3365 8744 6586 1925 9599 5949 6569 8808 7986
24 3371 8447 782 9314 2781 7745 9897 2972 4085 4628 8063 4805 7046 4173 4468 6736 781 6383 9502 7664 2550 5753 3591 1478
22 7929 8370 9104 3566 9742 4800 8413 6211 8598 1283 6495 8060 6636 7695 1732 8269 2529 4769 1312 7673 5776 7844
23 1992 1524 4806 1884 4493 1985 967 1934 6880 9917 9331 3446 6859 7571 7247 3177 3814 2339 9756 8282 3665 6603 6644
22 9283 7451 874 8536 9538 8597 3949 254 7080 3079 7651 7100 2413 8045 110 2727 2223 9759 9147 5434 9811 6518
25 1776 3910 3663 5036 300 1436 6882 9478 7806 2218 8177 916 4647 6149 2757 2699 4216 785 1881 6074 3844 4741 8690 1718 4955
21 3149 2512 802 6021 152 6814 1778 7149 4852 1026 478 903 9728 573 5447 5521 6070 7751 6931 5629 8789
23 4058 5500 2570 4986 4966 2602 5008 9324 5559 958 3686 7285 8896 7838 838 4609 9036 6011 8183 3533 8674 1472 2818
25 1664 1251 4246 9557 6969 6270 1746 5405 8296 463 7145 2141 9056 582 688 4739 2102 2003 9399 5056 2889 9755 6627 796 1923
25 29 9137 3816 3972 3958 6280 8101 7309 6865 6297 5999 2670 9397 2789 6318 8954 9201 3768 1895 7317 9266 756 5855 2130 4069
23 2020 4693 2657 5668 895 5241 6672 7770 3765 6883 6085 453 3968 5921 2728 5795 44 3094 1028 5048 8371 1115 6124
23 5868 209 3038 7916 3531 97 388 2808 8169 7505 9269 8738 4026 9531 3884 7225 2014 4791 7163 5798 7131 5848 9329
20 6961 6031 3513 8136 1317 4457 8166 1832 2144 4000 7890 7908 3118 4504 6195 1669 9883 7001 5253 3346
21 1833 8792 9832 380 3675 883 1787 698 2532 9460 5681 1167 8709 5893 6640 9606 4610 8090 6052 2200 9860
25 9563 6255 6430 9842 5579 7715 542 2179 2607 319 9240 5094 2189 7944 8920 8015 6709 9261 653 7308 597 1812 108 7836 6616
22 1888 6168 1276 4404 7196 1391 6641 3772 8540 3293 7531 2684 5456 1329 4182 5084 7055 4363 1479 5854 4553 9796
25 1353 2166 6710 2338 7840 6133 4879 2415 4532 8017 8334 4251 2148 5611 7652 7030 1103 3852 4434 3003 3871 729 1327 5697 1558
24 4150 277 3938 9164 2799 4139 8882 7216 461 5001 5708 1424 3959 3979 3359 6219 2974 5438 6278 9772 9390 8877 5436 1805
23 7399 5285 6220 6173 2810 4636 1051 3547 3212 5216 9939 213 27 9598 1648 5884 8267 804 9664 7818 8396 1962 1569
22 4842 902 435 3807 7364 9394 6946 4767 8373 2729 7904 4517 3582 3001 6992 3944 5290 6986 1837 7424 9878 5828
25 2912 7230 3773 7434 7759 1511 2045 2240 9073 3466 959 7065 232 6042 3283 9605 5277 2514 5144 5129 4061 9467 8311 4490 4177
19 5693 7248 7685 4405 7535 4819 3372 7490 8935 3237 5106 5706 6577 8206 5432 8275 7409 8641 3825
22 8406 7117 3866 7876 2041 984 7342 189 7176 9908 2437 1818 5195 1851 1321 2705 8765 4702 3797 5874 7017 4823
17 5341 3208 563 286 8590 6105 8343 7397 632 3662 8570 3100 5836 5580 9650 5939 3586
17 7141 7116 7249 4107 4467 4669 9462 8387 2267 9108 4737 3427 7452 73 9454 2864 8230
25 474 3073 5663 381 7256 3232 2095 3228 9482 7614 9778 8650 6682 9231 3916 6385 8771 603 3558 1380 5269 1095 7537 3535 8762
22 2695 7666 210 9100 7103 1589 8746 4496 3753 4768 3495 8931 2584 7128 3634 2775 5676 2458 7722 1377 8057 5244
22 1528 8209 200 5954 3537 7096 8782 454 1709 4692 214 1551 3960 2097 7596 7038 143 6285 2908 5661 5682 995
22 9084 8207 1755 177 5238 4347 4062 2612 4087 4840 1065 9162 5320 5483 5680 5618 9931 4474 7669 6958 1579 3504
22 9216 5572 3375 35 6989 3133 7829 8996 4722 2844 1291 8390 7741 3956 6835 1506 2301 8790 86 4962 8710 8957
24 4379 956 1500 9419 3190 7191 3609 3624 2089 3661 1499 4136 1901 4345 4816 9907 6766 8144 6317 1497 7035 7138 7042 9970
26 2986 3067 965 6922 5799 2817 1311 4776 2885 1292 5610 7647 338 1590 5117 6325 738 7360 8465 8012 1039 4284 7295 3080 4506 8948
24 585 5213 6159 2904 1421 9037 6597 352 4642 8926 9800 7701 776 1342 195 4053 7378 3831 4095 4413 1636 9552 2858 6997
25 6228 4223 4153 3885 8614 2937 9481 7081 4907 5221 8918 2882 6996 9697 1611 6314 7336 1608 764 7283 7073 1536 5361 1247 1682
23 5406 9691 7372 4020 146 7642 7643 6932 8186 9644 7570 3256 9395 7449 5333 2380 9989 1739 8398 2833 1599 8044 2770
24 583 9469 839 5428 5690 2797 3421 8288 6443 202 6726 2596 22 1296 9674 1839 7003 8525 664 8386 8205 6019 758 6288
24 8559 7471 4109 2537 7668 7901 3418 4872 8493 2909 3986 6733 9902 534 7273 7738 3526 8065 9590 8908 4678 9749 6384 2755
17 4435 6912 2906 7220 8074 1781 4442 4850 347 5488 6732 7589 4392 5345 8279 8594 5471
22 5717 5699 9109 9062 1476 7167 4406 9513 6833 4549 8076 7608 9017 5110 3467 7639 2725 7885 3520 4049 5029 3588
25 3281 8739 4207 5539 2696 1745 3532 4871 7415 5725 4893 2452 5180 2359 8779 941 4817 6388 4488 834 4556 2554 1052 1758 8480
23 7952 6192 7737 1222 1949 8761 3896 8945 5386 5039 3216 5140 8141 2485 787 4755 5015 9875 2136 1623 4296 1306 8535
23 4494 3017 4658 8785 9964 2270 8416 6120 9934 3550 8993 7650 7723 2500 6545 5266 971 246 7349 2145 4548 8083 6613
23 5304 7553 9769 9654 6575 2126 9232 8051 2893 93 3494 6617 8438 6827 4827 3357 6929 5820 9567 6944 9937 5944 8862
24 297 3129 5920 6101 8298 8300 5619 4086 947 2722 4312 6655 257 7966 1017 9982 7979 6022 4199 7087 7991 6294 20 557
25 741 5387 3461 9845 9492 3879 8176 8652 4031 7564 8610 8339 6064 5801 836 1171 5035 1432 8255 3600 5644 1043 4785 2902 5653
24 7640 4200 720 4807 7034 4615 9975 1220 5809 6437 7624 3645 9534 8264 2087 6055 9807 4239 8818 7054 8238 3792 9608 6226
24 5598 2957 6842 2635 3420 2663 8938 6163 6121 2343 6939 2631 537 1235 7189 6079 5215 6071 5549 4600 1280 6973 1699 8122
24 445 8715 9011 4409 896 9138 9151 7078 6519 8291 4547 3568 2719 333 851 3144 8805 6599 7559 7469 1594 5150 3858 5390
31 3564 2788 7637 1240 7883 617 6809 7448 9962 9388 1297 4787 2393 5329 7866 4440 6423 800 1668 4452 2274 528 4835 1099 5079 8333 6598 8636 749 5876 8556
26 6952 2106 1955 9511 3036 7548 415 147 716 9724 6391 2034 2935 1753 7734 3511 1011 6299 5840 9308 4294 5831 6057 1301 3703 1285
23 9207 2233 9412 3083 3833 6399 4236 3757 1464 3139 3222 9978 5522 8392 7168 4999 4313 9426 7369 5322 5616 5265 3755
23 568 8823 4782 8112 6216 7732 105 2648 9362 8974 991 1072 682 973 2517 2427 4422 2716 7869 797 2280 795 6365
21 3025 8449 3050 9819 9199 6630 1466 1199 5083 4323 859 3738 745 6037 5946 4179 2013 436 1966 811 8740
23 734 8832 497 646 8806 8485 7794 7920 5768 7004 3428 6940 9148 2995 2419 8643 6049 2446 7484 7618 9387 3679 4243
24 8395 3655 6749 1729 8187 8194 6698 8687 6106 21 9767 1047 5849 6117 7656 3223 5177 5641 604 7051 3836 8519 3589 3733
25 4495 9191 428 6454 5135 7019 5526 5323 1752 1810 4561 2151 624 7192 7107 521 2158 6500 4627 4183 6761 2767 3492 3064 1410
24 1040 9806 3026 5352 6825 2477 7900 5188 4263 3115 5582 946 3613 8680 4155 6837 2579 5691 7821 623 7297 8429 2243 142
20 622 9985 9527 106 4353 5782 6306 512 1450 3242 5741 621 7420 7033 7324 9521 4463 7801 1892 7393
22 7561 989 1 1369 4552 5298 5372 5519 3436 3454 728 7718 7072 2555 3419 5492 1793 1390 3140 4079 8265 3402
18 3471 2511 1970 169 2613 4717 7091 4218 7063 7371 7868 1811 1556 4743 4795 9646 4649 805
22 2008 2963 409 780 6927 8990 4105 7679 4981 4060 8031 1740 1672 827 5118 7644 3162 1128 5204 2697 2516 6479
25 2941 4260 9282 2497 5303 2754 4862 5550 9789 6562 6605 5191 1516 8250 3856 7543 8927 570 6040 9777 3548 3819 3687 2926 4124
27 957 4233 9382 6615 2661 4664 8686 6156 9911 1393 8916 3182 8140 2740 731 9510 5525 4526 6691 7185 5940 1242 4896 7044 3441 1633 4091
24 3239 1406 4194 119 2856 5783 8995 9364 1429 1930 4224 575 134 5019 5645 7480 3089 8751 4509 791 5413 4424 906 5504
24 3743 2520 3779 6563 9546 6247 7691 6808 7384 2737 433 4093 4698 9683 9188 505 2066 8066 4860 1952 2703 1473 7459 7173
18 9979 9449 6638 4924 3039 5379 9428 293 4423 3452 4425 3658 2120 2262 2098 1295 5474 8251
24 5381 5034 8224 4613 5656 8353 5100 3146 9238 8293 1822 6234 5992 6513 8476 5490 868 8754 6092 5467 5459 8216 702 2300
26 4882 1593 3821 718 5626 4024 4798 2388 7503 2315 2319 5715 1075 6874 6906 3376 5595 3668 3581 3720 9439 7489 3522 3863 2019 8618
25 8675 6794 8351 6474 1733 2665 6762 2023 7389 7341 7823 122 9237 9212 6539 7897 1457 75 3206 3698 5932 901 8647 631 7375
23 7877 5510 8382 5377 2434 3775 8984 4415 6386 2863 852 7788 1885 2236 1092 1540 8723 2823 6693 6631 431 1522 6191
17 1735 9550 3203 8830 434 7583 2256 6525 8305 1063 1571 9873 9984 6154 845 3012 6060
23 61 9401 5025 1830 2982 1263 2505 1257 377 1203 1967 3186 1513 1163 2871 4708 8677 3175 1788 4808 7151 4790 6494
22 8840 150 8747 7663 4477 4895 3584 8620 9110 2116 495 9661 450 2371 5397 2647 4108 7157 4691 6093 7758 6127
22 8950 8766 7934 6089 5087 7843 8760 6779 4899 7529 9919 3660 1535 8778 8977 8781 479 5555 2433 598 5652 5272
21 6649 2791 8184 2395 8764 3470 7819 1145 5167 2142 1265 2047 3158 5638 7181 6390 7676 9656 2456 1001 2848
21 6541 665 640 3789 9889 4017 908 6751 680 1125 8325 2522 7728 1249 8322 2005 410 6788 6664 840 3633
17 3457 8578 2480 9884 9247 5314 3323 9456 4847 6632 5703 68 2865 4189 9123 7235 2530
23 1978 6765 8575 378 9570 6359 2565 280 5211 5958 8693 4970 9079 4974 2334 5546 9094 6097 9260 8352 3035 1849 9176
23 8420 8024 1908 5187 6966 4696 2290 8638 1016 4543 1217 1629 3483 6224 3788 1691 3037 3837 6941 3780 4018 5865 2203
22 6724 3951 7406 1267 5621 1862 8546 4167 5259 5929 2546 7461 6077 5355 2801 1858 4589 2521 1585 9669 1677 4987
20 9581 3826 5282 7193 9561 4328 9667 938 5154 1394 8817 8247 9945 628 988 1877 2925 3681 5159 2773
25 8728 6740 7277 704 4384 5160 4989 2407 8807 3977 1029 7781 2396 4430 2494 8221 551 9415 3348 6028 6209 7964 5202 6158 3749
24 9411 3990 825 7692 1487 3759 2292 8820 5208 5472 5308 6556 1597 9629 8039 1996 9618 9468 919 9692 2064 2423 4991 1216
20 4214 9864 1256 8229 3285 7763 8545 3262 8360 5007 9204 5945 9332 6653 9432 8602 8232 8980 3069 8581
25 9020 4428 2335 7874 3783 4245 9134 5952 2515 3394 1875 8218 8591 8903 4335 6738 4395 2317 5378 7487 6933 3644 1408 4479 8350
20 5902 3197 5654 9625 8795 499 4916 7552 456 2389 2971 9093 4306 3302 6701 7905 6991 7719 2410 5859
23 7119 7602 3270 7190 8937 6407 1160 8033 2910 9160 1266 9152 8336 4765 2028 1243 3192 8053 9956 9596 4451 4311 8019
22 2429 1384 9813 1313 5054 9497 3122 5382 8007 2933 8437 7327 7995 9122 3485 9099 5791 8451 4886 3889 1418 1300
24 6456 2118 6186 3114 8273 444 7187 8444 3570 924 9292 2175 1772 7354 4187 1401 2363 9040 3248 2877 3987 9311 590 4120
23 489 5808 6786 6536 66 4398 4247 7207 7493 5914 1395 7999 8283 8829 6324 2022 981 7955 4813 8313 8888 4277 7527
23 268 9920 32 4930 6082 8644 8631 8266 7872 4330 2599 9185 9470 8115 5905 6568 2891 5493 8663 8910 4735 3688 1559
27 9626 8489 3138 1386 6703 5642 645 2654 3798 8401 9694 4856 9785 9321 103 2756 1502 3374 5936 7607 4596 9203 5806 1813 1064 1293 3478
22 8342 6155 3220 2304 6222 9031 4074 1741 6326 7353 3756 9725 3401 8181 8417 5053 7241 2976 5431 2073 4606 6995
25 2278 6493 8277 615 3615 751 5628 4119 715 4117 9298 2498 1534 4567 3939 1945 1650 6572 3771 2743 5834 1403 3224 1007 737
24 580 5771 2261 3119 2979 6593 5632 7967 1448 4851 5640 2634 7098 814 2295 2666 3243 7074 3415 7803 296 8613 5637 4432
24 610 2536 9851 4154 3701 376 8860 7729 7048 3425 799 5385 2978 6030 6174 3599 8757 8365 5178 9568 2210 9775 6881 9736
22 8179 7546 3906 4595 120 2790 2467 1679 3925 4272 4237 5157 4102 8241 8041 8455 8124 4303 1120 9711 1333 2724
19 1993 1105 4403 5630 7609 4365 7860 2632 5360 7917 9096 4304 1675 8658 9746 1654 2683 7996 1931
21 3692 5517 2881 8037 1537 643 2122 7796 9955 3447 8442 2093 8399 6759 6100 2372 1825 8488 3113 3741 7115
22 7799 6455 5888 9171 1685 8167 7984 9980 6056 408 4979 7099 1262 4946 647 6867 7390 911 5551 8865 566 1035
27 6361 5615 2518 977 607 6374 5045 5452 1282 3474 3610 8400 6165 2854 1567 9442 9181 8161 6660 6623 6428 4447 2307 9010 8838 1936 6170
24 5161 9805 4826 3022 7882 2675 5031 7366 2557 9479 6312 9867 8304 1224 3059 5275 9713 4458 7427 2211 4778 8327 4925 4622
24 4687 4575 2235 1684 7174 5913 3429 2622 5201 9230 9879 4903 2644 2204 5614 2868 3726 8712 8880 966 5845 762 2491 3618
22 219 7210 9874 7226 9209 2187 3793 1422 1166 7754 3999 592 6679 363 954 2058 312 5773 3343 3304 759 5561
24 3030 3430 9524 8504 8876 1062 2072 5995 6999 4096 4012 1116 201 9801 6555 673 2588 145 2604 6998 5760 6789 8770 5370
27 9187 6123 8462 7574 4410 8989 5069 1281 7941 3305 5700 6674 6888 6353 1761 7735 3707 1749 6249 2328 2638 2795 4934 3422 2326 794 5953
20 9291 2784 5541 2297 9992 4809 7217 3152 223 2816 2493 1917 9905 9217 2878 5667 3529 5446 4911 6063
21 2313 2738 3311 318 313 4450 2264 6866 7587 9671 5976 4715 735 3806 5528 4680 3071 8696 5591 2814 3848
20 554 4984 8219 5732 1002 8801 6609 6043 6137 4578 4730 2350 5761 9125 8635 5121 844 6935 9257 4898
23 4788 730 9464 5866 3778 3862 6582 7755 255 1834 7090 6332 4560 8972 3171 6934 3407 2046 2671 4305 6051 2540 2508
22 3693 457 1294 6737 462 138 8494 3070 3967 2078 5004 5512 5183 3980 5132 7031 8032 4859 4269 8202 7720 9097
21 8204 4761 8940 657 5879 387 4515 3121 194 3487 9416 7486 2239 5022 87 8924 7412 6534 5388 3860 3408
25 6424 2455 212 2409 1152 2924 9357 3657 5709 9433 4055 112 4591 5730 1136 1786 6847 2489 1268 38 7338 6300 6594 535 1426
23 4098 3257 5816 4171 7682 5400 5219 3044 3924 6699 4770 914 9665 7396 8469 9149 5974 480 3978 3184 2940 6241 8022
23 9698 4208 1218 1723 92 2930 1109 8220 4965 9987 151 5587 7368 3813 2733 4341 3998 4142 2094 7977 9129 5057 1359
25 4066 1113 5627 5766 7135 9655 1521 6243 4892 7525 2438 2268 1624 1736 5384 4501 6511 9063 2574 1133 4315 5623 9909 8374 2269
26 1866 3830 9871 9064 3993 930 3940 7873 4163 1748 1774 6290 5464 126 4985 701 7958 1237 5319 9491 9197 7597 8006 8607 7059 722
26 1815 2006 6338 7580 98 8955 4021 8030 8324 4503 3669 9420 4314 9006 714 6829 5093 4754 3598 8349 6419 9854 9154 2157 9714 8080
25 6780 1630 5744 128 1177 7208 7856 775 3530 5123 4068 8872 7626 5274 6483 9853 7887 7105 4148 4010 4861 6032 690 392 3313
25 6900 4387 332 3398 3062 9288 2156 1264 8627 692 4518 7132 4407 7260 1057 1853 5203 904 8499 6826 1801 111 6323 4695 4042
25 6160 9316 8554 5107 1686 3451 5915 9226 8312 9849 2693 7259 6262 2068 855 6561 2803 5843 3350 307 3971 7350 5536 5790 2273
24 7318 1605 5359 95 8856 7380 1762 3952 7221 1188 6681 866 2561 3352 4674 3684 654 1661 4814 4766 9058 8452 4904 9354
21 7911 608 6327 5453 6244 1480 2842 7931 5062 6908 928 2943 2873 1214 8733 7593 441 58 2836 2337 6
24 9901 6851 7867 5228 403 6784 9833 8014 6451 6821 320 663 7331 4529 3503 6254 9088 5613 4519 5051 4126 3853 3857 1705
24 8698 4781 8566 5516 1693 4990 3785 1643 4211 8160 4777 8811 3052 5729 8697 7299 4954 5392 5609 99 3734 8384 6978 3480
25 4056 1860 8588 6305 1441 6132 2525 6800 15 7502 9043 4906 6830 5217 8050 5947 6227 1712 6408 9007 7878 7183 1093 4803 3021
28 5881 6110 9965 3066 1667 6026 1886 7041 6618 969 2766 3498 6596 9378 8775 2595 4092 9718 6628 5633 1423 7634 4780 5252 1014 4185 1808 7404
23 8520 5205 1959 4940 3646 2035 6367 8316 3007 83 2021 6574 9348 6286 2012 5930 7089 1798 4983 197 1077 6725 4320
25 5027 1784 842 9320 2523 6392 6048 6380 115 5451 9624 4559 4316 3130 1463 3908 7852 3764 1742 4676 7739 9971 1969 9614 9915
24 2327 5487 4064 5712 4585 8951 4123 8827 2192 8857 7394 6522 26 8258 6091 9991 9857 5030 8235 8195 9792 3042 9334 6453
24 8102 1995 6903 5267 4958 7315 1302 6727 6963 1688 9941 3292 5943 8810 3955 8117 4527 9417 8707 4998 6088 4779 5125 0
22 7229 7631 6200 330 6009 8909 9553 953 8551 8326 997 3551 9350 8286 829 6957 3899 7307 2914 8923 446 8147
22 113 6004 7683 9116 292 1215 6716 7764 862 6904 7630 9630 1933 3361 8944 564 4534 651 4812 7408 7133 3380
18 9670 4644 1443 3694 5417 3399 7886 4745 6704 8668 8388 6781 915 6107 2598 4759 9635 962
23 3667 7329 2600 4029 5043 2355 1725 39 8799 4562 9754 385 42 668 3943 7858 5321 1185 8501 5460 2152 5179 7441
25 6767 2026 1491 4291 4643 6570 9858 8800 1692 3997 9268 6921 9659 5317 3484 1449 9591 1270 7892 2472 308 4918 1488 3185 1088
25 3410 3459 2626 6669 9018 354 3117 7724 3859 8662 8904 37 6785 6061 7978 3538 160 8558 3803 4129 1490 4230 1287 5811 3887
23 2531 2899 8786 3842 2112 2667 7604 4653 3829 9838 7940 7708 5166 4025 5339 1829 7526 9005 5207 2815 7281 447 3097
24 6633 3758 266 475 1738 629 2921 8691 7222 6619 9998 7021 6897 7853 7400 471 6671 7919 882 4083 8657 13 6099 5063
25 394 696 9559 8991 7253 6956 4344 6902 5256 8511 6642 9322 4075 5097 5722 9946 4222 8084 3109 5454 2870 7437 9484 8561 6349
23 7188 6199 7314 9610 6643 5124 7150 3752 5268 7507 4388 8763 1976 7584 9855 9653 6890 7158 8130 2583 2238 8215 4127
22 8271 3068 4202 9179 6346 369 2184 8988 4357 7645 8415 5956 8842 748 9053 416 1575 9622 4700 9637 3543 432
23 768 656 546 7769 4498 9328 1392 1612 6696 1747 1034 7976 7155 6791 4923 5774 7431 1507 5469 1680 6461 9721 181
25 5402 1492 6202 3666 7579 8665 9133 5014 2330 2417 9983 6920 9421 3962 4694 1965 198 1975 7358 7485 5489 3637 9146 616 7223
25 2774 5535 3512 5156 9604 2362 8062 7513 7361 8134 7392 6319 1277 7619 9969 1673 6395 7667 5927 5283 3728 3715 1354 2499 1652
25 1724 7156 9274 7465 3632 5234 6076 5310 6915 9167 5670 3877 4217 5552 9877 7179 2980 4166 9173 5229 4132 7268 5596 6853 5376
22 8213 1984 8699 9830 8711 3691 282 9727 242 1165 4740 5789 1151 4822 7970 4229 5624 5463 9196 9024 2922 8377
23 7849 5113 7891 6634 708 6757 1779 8038 3340 2535 8749 8813 5966 8887 334 5078 9413 2131 3106 6445 7303 2227 8210
25 4586 9286 2916 2482 8671 4099 1415 1259 857 2479 3894 2332 5664 1058 5963 8776 8162 2146 4287 8145 7395 9 8078 3664 464
24 6418 1852 1986 4938 6886 1239 7633 599 8928 777 8895 6542 9780 3437 9422 9961 1806 8611 3486 6895 4203 3400 6257 8414
22 6843 9052 9503 6357 1046 2108 5426 4019 9810 3123 5309 356 2834 8498 5109 5989 9178 470 937 1663 9726 8527
29 3168 8158 2566 5477 8034 4007 3435 6313 659 4293 1364 6036 3606 4533 1819 4259 5184 2311 7345 6651 5403 8409 1127 8100 810 1452 8201 8098 4891
22 2507 864 9620 9678 2044 5951 156 5967 9817 2037 9337 7365 4732 9899 5873 2258 4484 562 4729 4393 9259 9990
22 8509 6304 7000 4645 4366 6098 2206 7998 9155 1071 2850 2431 2567 8248 2484 1577 2929 6872 5942 2253 926 3929
25 2828 1674 8521 4920 1550 2639 6526 5803 5861 9896 1176 9299 5143 6187 686 9866 3639 4975 3309 7523 2353 4054 4897 5408 3032
24 8587 1228 4720 6023 9035 9070 7275 2229 9722 3 7757 6025 5984 7272 9344 4783 2201 642 9051 5685 6177 7057 5758 5571
25 9733 7711 2495 3051 2076 691 1896 4775 9844 1568 4038 2154 4747 2129 3796 7328 8922 5850 4797 6468 9427 2594 2610 2862 9906
19 1332 9246 4630 7108 485 7462 3154 5391 8165 6267 8734 8466 8714 8364 341 1544 9317 5631 5586
24 6965 5698 2440 1863 671 942 4371 382 1584 6389 4358 4429 1920 4234 1769 8592 5153 1694 5162 4841 7814 5455 8375 1009
23 1227 4414 1100 5182 3557 2852 7562 4302 9300 2375 7296 8961 5470 877 972 4748 9587 3917 6355 4516 5978 9533 8430
24 6044 5554 9633 3199 6871 348 8617 6659 5770 8562 395 2977 2956 9894 7124 3412 45 8769 6394 7242 6482 1191 9940 998
25 6694 5710 2399 4376 5678 9751 178 1768 2164 2057 1946 3392 2994 5002 3920 96 2542 3096 3934 7989 1919 9198 1659 8301 4241
24 6656 8425 7357 4848 8085 8854 2207 871 3499 865 272 5373 9716 4188 5852 7591 5987 7144 1437 8919 3671 9936 9765 4268
20 3697 5746 1223 3147 9632 5023 9709 3406 2793 7012 6497 6878 571 960 706 4041 1935 8249 5720 3850
25 19 7687 1121 8440 511 5263 8973 4724 3314 1820 636 1591 5694 7549 4621 1446 1196 9161 3431 4972 265 5839 6993 1823 7997
23 8564 2426 1518 6498 2178 2320 81 808 5026 1328 9706 4620 5728 7974 7960 2763 3678 5788 4616 5148 9747 2457 6889
23 5222 1625 2031 9923 8695 5622 3974 7037 9379 4473 1501 6505 510 9730 9448 1657 8794 9069 6335 6817 3781 6210 1038
25 1794 5757 3585 1601 8768 1835 8694 121 4113 5064 6235 8748 4190 2062 9651 8252 8930 3725 7845 4131 1549 390 5731 455 548
22 8630 3170 442 4115 2217 7730 9222 6344 1504 5163 1871 8793 8143 9688 8875 765 2849 2726 602 8385 3656 2897
21 7293 6662 3510 854 8981 8542 9438 6223 3948 6548 7707 9597 7973 2255 4169 1184 9223 2170 4976 8701 2509
19 6269 2681 8274 7442 6985 8378 7355 5292 8197 9425 6337 3927 2475 1347 9708 6250 6118 9834 3259
20 2603 9935 3947 1777 211 8109 5380 8976 6891 5271 2991 7925 1730 7765 9124 5750 7053 1367 391 9916
18 8787 8290 830 5853 8523 1208 3053 6590 8584 6370 291 1404 3604 1202 1802 5683 8941 1439
25 7140 3651 3490 1272 7092 9165 3345 949 7573 4857 3173 399 4964 4235 4804 4684 2772 5199 7304 2744 2379 5749 5545 579 6221
24 1883 7114 9144 5212 3475 9118 127 6172 8664 7793 7918 5794 3747 4915 124 4837 404 504 2194 3143 8503 5485 8001 5723
19 4536 1438 5358 6252 3155 6366 774 809 5357 7969 3801 9032 5671 6892 1059 1303 4286 9776 2983
28 7709 2436 2305 4869 753 1349 4327 1455 5824 8533 5764 5692 11 9142 9163 4351 1750 2451 1405 9236 1076 5869 9690 7008 6546 6147 298 7519
25 7064 8458 9951 3116 2209 3373 7576 5835 897 8491 6684 6810 7288 1042 1371 2336 5401 7139 1153 4928 913 1581 2138 9558 5173
25 1879 7255 3047 6538 8118 7438 3465 6925 3308 6743 7148 6625 7615 9086 4963 5906 63 4254 418 4298 8222 7413 8372 4160 9573
24 8783 6849 482 2967 2952 2551 6587 9963 1048 7592 163 2835 5134 1314 9239 3736 9059 717 6516 5928 7343 7563 1456 6260
18 1447 3384 326 3708 1123 5785 9194 359 3704 569 3187 2853 1398 421 4531 6073 1510 3969
25 6189 3196 4980 6473 6340 4639 3439 2174 1924 8814 4802 1320 8917 8284 8003 9170 2331 7029 6236 4431 9861 3172 6433 1226 2840
23 4873 7319 6413 5503 5375 7808 1721 3075 5473 1771 3992 7298 6205 4565 9786 8966 336 6899 5131 7744 4522 3284 3619
20 3546 2357 3601 8133 3542 3453 2745 7693 2702 233 7402 8583 8354 2469 532 8623 4261 5342 9461 7753
26 2424 3596 3424 6951 6503 5584 3364 6279 6268 215 1368 5005 9571 4459 6798 6777 7982 5196 6690 4215 5276 6449 899 3641 2289 2055
22 9820 1530 4624 982 3338 1872 890 793 9229 278 6469 6142 556 878 7022 7421 4367 6435 469 6676 6748 1212
21 3008 3334 6896 4356 7274 2397 5301 9574 4701 8516 1525 6490 9389 7545 426 2562 7623 7606 1570 9753 4725
23 5227 4170 3396 3057 5751 4063 7456 2075 5901 5306 9136 8628 3010 322 1485 4524 5286 9404 6673 2564 4310 5825 7731
27 9166 7864 5996 1010 7085 9872 2394 459 6094 2809 7949 4104 8547 2444 740 4590 5139 4512 3919 2282 5136 3131 2488 9903 2096 4339 5138
24 2296 892 6410 483 2140 1496 6480 6393 9687 7077 5537 5904 1770 7095 9699 4271 2369 4193 49 8724 4197 7649 7356 7467
25 7455 4546 3849 2783 9345 2732 9234 9132 3930 5356 8245 7205 9554 6414 9335 4289 1707 8912 6624 6828 8837 1213 5563 7476 3289
22 3049 5237 7236 7172 9190 3493 5344 4714 8502 4685 1428 6171 3689 3878 2149 8600 9343 7204 7509 16 3014 5900
23 7810 8736 2539 3058 9712 9068 4834 6178 6181 2370 5233 7588 6014 344 5938 5418 7980 1366 2888 8411 3335 9214 3631
23 5971 9128 7927 8419 4544 660 4205 1859 7113 8345 9774 7914 5502 824 1183 5823 9126 1517 3745 5044 7688 1701 2049
24 6139 4935 9631 5756 5838 4888 9505 9264 8125 3846 9150 7879 4878 744 2903 331 7550 2872 5142 2637 8589 5737 2408 5174
17 8878 2997 9082 2630 1756 4660 53 8729 2420 3820 721 4574 3280 8893 5937 4332 6919
19 7186 6135 248 4863 6182 3291 8911 2805 8246 5448 6869 5327 9443 7826 7617 4599 1958 5508 8543
18 6502 4706 5649 709 6793 6863 8873 2687 3383 1807 8358 8514 5096 2252 6685 6968 8123 9673
24 7435 9974 975 6856 3740 9242 294 2867 1539 412 3534 8855 1824 185 5807 8985 6508 5037 6496 2361 401 165 3984 7641
23 6485 6913 5777 8155 1365 7515 1912 6907 880 405 3266 8381 4478 2655 6233 1754 8355 3576 8174 7748 5312 4348 7700
16 3333 8979 719 1458 4033 6578 9880 4258 7622 3804 4146 8132 9057 5248 4753 6477
28 8086 6296 5425 4973 9202 4034 6579 7445 5792 9882 7727 1907 4044 2837 4993 9080 1566 7800 7578 4933 3479 8408 4956 7023 8380 5198 1385 3737
23 8149 726 5892 6356 5433 990 9641 9652 8023 4843 4121 6873 5220 28 4001 7443 7067 860 7696 9296 2623 8424 3723
21 9913 4035 4584 2383 2526 2051 4489 3011 9967 4076 3659 5315 5038 4240 1158 5787 7374 9025 5476 263 2134
25 5343 6875 8285 9353 6119 2653 244 886 6930 867 8883 5804 4789 7403 1493 1606 7240 3933 7084 2704 3872 900 7112 1137 4929
25 1407 513 8146 8464 9375 4227 1595 9526 2680 9734 8126 6038 2190 9244 6790 4849 5496 5643 6330 5246 7705 8858 9818 6721 6111
21 8932 477 9078 498 7097 6062 3085 6416 8460 1468 8127 3379 6990 2676 3019 3189 650 7983 9960 430 6819
19 8758 1634 1193 6838 2796 7262 8524 3045 999 7195 5696 5759 6852 750 5531 5003 1056 231 6439
24 6607 5090 2250 6196 2776 1453 9731 3843 2054 584 8721 2231 970 125 9009 3682 6720 1161 4401 7950 9169 6080 7714 4191
23 2324 8328 5540 1111 1331 2291 9156 6218 8072 7791 4890 9384 4982 525 2222 5 5028 4391 6302 8666 5412 1019 5841
26 8484 1323 4673 8128 2180 9033 8737 7933 425 7830 5155 4718 7363 1999 3777 8531 3713 1049 6427 9391 3995 8683 6635 2221 2659 5543
19 1269 6352 9981 7595 5009 5437 4209 7627 8933 581 9431 1578 3769 7625 4288 6421 7880 5895 5857
24 1838 9996 4050 3915 1627 1631 7043 952 509 8237 8307 1720 6774 694 5655 1856 8522 3937 1894 4908 7611 2606 8463 9827
19 5245 3605 3325 4744 2246 5523 3221 515 1416 7848 1990 6918 1764 932 7959 667 7834 6214 8054
28 9405 2641 7428 7572 3554 2167 529 159 7425 4278 8953 1541 7898 5658 260 3331 6803 4262 2303 9791 4670 8802 6731 2165 4728 6291 6994 6185
24 6529 7104 4421 7567 9634 8368 8110 9579 249 5364 5421 841 3336 7322 888 2824 9016 8011 2391 7052 12 1841 3347 939
25 5727 7287 7020 4558 3594 7276 4756 508 8505 6864 9607 9498 6552 7177 7265 2030 2471 270 6976 1795 5846 4242 4820 5398 3528
26 6654 9649 172 4656 3784 4792 3099 1045 7857 4654 6799 8067 5420 6923 9233 3076 8461 3642 4721 9243 6153 8089 9369 1207 406 136
16 1414 311 9265 137 1471 7130 9447 7855 2894 2306 747 9814 3369 6979 1865 9253
23 658 4475 9680 9657 5495 141 3315 2907 8741 8544 1714 4845 6308 1918 6947 7254 237 2002 9145 7888 6792 9220 1887
28 9046 8323 3991 6771 2927 5050 7665 2884 5899 9912 2841 3476 3443 5442 8004 7321 5925 6675 2085 2572 5612 2625 2435 4510 234 818 4047 6467
20 4948 2000 5374 2043 9584 6839 912 1383 3233 361 253 7961 3649 6109 5185 60 7184 8879 6470 6795
22 1637 3640 1564 3739 881 4971 1979 7926 7062 7454 8068 2351 3823 681 8537 236 4633 6606 2822 9993 398 5950
23 5218 2975 5748 6425 2442 986 4913 2558 8780 2042 6974 4265 7839 309 4389 6351 207 7756 5505 7136 6782 5318 7825
25 3249 5060 6164 9815 100 2585 6589 4213 193 1330 6566 816 909 6281 9821 4831 3881 5826 5081 1987 1419 7938 6943 4220 9374
21 1170 4885 9602 7975 419 6058 8348 3362 9783 3832 9363 3481 3834 5916 2069 7478 427 8082 8332 4319 1020
26 3245 8586 4703 2245 9743 4659 9158 3901 8603 9208 3211 3174 1842 3391 4097 1388 451 4110 3456 6341 7083 349 2786 6364 5230 4846