6 6599 2163 4060 9804 1932 4373
6 45 8346 1364 6117 4950 2324
6 8033 6956 3856 3064 2748 5095
6 6440 3562 8983 5751 5376 274
6 6428 9594 4166 9039 7880 2372
6 9475 9960 7787 5128 2744 3301
6 2603 7229 4797 9385 9986 2753
6 156 4049 6687 3950 3182 6111
6 9738 3240 3878 4717 8292 9507
6 4467 395 9820 6936 3904 3677
6 2822 8502 1691 8885 5302 5076
6 3039 6227 1247 5483 6470 449
6 8103 2830 6214 8324 7317 8200
6 2584 3265 4543 4219 8036 8401
6 7318 3611 811 9984 5850 775
6 5876 3581 5041 850 9059 2708
6 2995 5030 726 9966 8076 9794
6 2150 7735 2793 7161 1012 7803
6 1179 7132 7235 9956 5887 4129
6 9822 2156 4794 7516 1882 1876
6 719 5370 5149 3172 927 8960
6 9191 5524 7984 2304 3037 5958
6 1434 7313 1348 3306 22 9630
6 2446 1817 314 2640 3780 9209
6 7138 5645 9117 8950 2917 6009
6 2635 3756 7918 7707 7392 8972
6 187 5354 5503 7798 9457 263
6 1959 8299 7793 5109 8914 4522
6 8141 5703 9913 4966 8517 3895
6 6056 7609 8654 3932 6793 9140
6 2734 1938 5967 3268 4545 5056
6 9058 2091 3833 2350 8349 2568
6 6198 2414 9460 9175 685 8210
6 3016 4260 1437 7890 7142 4054
6 333 5673 9868 9702 1839 7889
6 9670 3075 5771 8282 2247 6621
6 6261 4830 8432 2145 6944 9596
6 2921 8184 8177 9073 6553 5287
6 2870 1833 4766 3763 6300 1858
6 9151 9858 4701 5263 902 7365
6 4891 2182 5952 5207 9554 8847
6 8598 2563 6610 273 5369 1346
6 5260 8085 3991 1863 4640 1632
6 327 8607 4057 5349 3185 303
6 9145 2381 5532 6620 4521 8155
6 3183 625 9791 1964 2983 3432
6 681 2191 2332 3295 4799 7292
6 2223 6791 3503 7109 7405 1195
6 2368 3832 3765 1325 6162 4191
6 9392 8579 7708 2573 9425 3602
6 3636 9328 9257 3396 1810 8461
6 835 1660 328 8438 9289 536
6 9832 5325 2241 6748 1897 8587
6 6096 482 3361 6102 2274 3419
6 3660 3968 9942 3462 2175 444
6 7849 4107 7395 1059 8783 9528
6 9053 1764 7448 1421 9499 2307
6 3440 929 182 9273 4263 9174
6 2717 1568 5941 1024 9240 3885
6 6430 8404 3693 4715 4588 1720
6 2234 8039 1365 9384 9870 3754
6 4523 2648 6879 5333 6584 842
6 3187 1599 8386 9612 2318 8495
6 1566 7642 1734 2767 2892 6759
6 3448 8546 4754 7579 4900 9017
6 2849 377 9336 1554 7580 9534
6 5371 3877 4568 896 9885 8107
6 6130 2711 4338 9123 1132 8396
6 9106 9054 8125 2186 5293 6792
6 5266 8267 7031 2906 6740 705
6 5959 2996 2785 2253 8588 4609
6 6570 1824 1196 3 3388 8827
6 6933 9194 2335 3442 5277 4086
6 9351 6190 6200 9621 6276 6863
6 5455 6021 6729 7742 6795 2164
6 2922 1204 6461 9751 4483 8491
6 3353 7382 1040 3682 5700 4719
6 5835 2517 5595 906 4432 9867
6 9581 3104 5846 3150 8912 3549
6 4172 5147 8678 8074 9270 3638
6 8725 9445 2890 8063 7038 2941
6 3190 5801 9166 7416 5355 2473
6 7678 3384 9366 6790 3254 268
6 1134 5262 9591 2815 9442 2596
6 586 3198 1956 404 1083 9316
6 7320 5955 5583 7985 3212 4441
6 8450 9360 5889 6961 9883 508
6 691 9246 554 5999 4396 5853
6 2038 6982 3128 170 5822 8800
6 3831 957 2330 4910 4641 7624
6 8854 94 7015 9120 734 7710
6 9180 4501 5984 5258 7784 1400
6 7418 8669 548 432 6472 1970
6 6885 750 5334 6113 7812 4991
6 5482 7205 5136 3954 6860 4987
6 1999 3860 9584 7519 5142 1379
6 2758 4581 9441 5658 363 5444
6 9159 7794 5475 5598 8655 9897
6 6042 280 3937 3623 5502 3732
6 5254 1788 9037 6283 9274 9614
6 3117 6257 4951 7367 1307 1649
6 7833 8545 8434 5829 4958 5288
6 7426 1377 5528 6382 2083 179
6 6340 3720 7569 3323 9254 2490
6 8544 1573 5197 1422 8211 6558
6 2851 6557 4765 2555 620 3666
6 2098 5837 9695 9033 7955 7357
6 2772 3288 5492 1080 7743 5267
6 5588 2698 8927 2168 4691 6896
6 7136 7047 5324 2914 5023 8705
6 2440 3209 8710 3992 5474 4464
6 306 1752 8971 2633 1693 6023
6 8172 4949 4259 7603 5384 7571
6 3491 3076 8170 2578 5068 6004
6 3883 7855 8492 2535 2457 4330
6 6781 688 1842 8530 6824 1043
6 389 5233 1339 3536 5222 1090
6 1717 4980 3772 8162 1871 7874
6 8858 474 1746 5308 3166 3342
6 1826 4671 3972 5423 1189 4211
6 1785 5326 6265 1890 5322 658
6 4611 9440 1768 2051 5366 4491
6 9413 9764 5069 1123 168 6514
6 1141 6543 4122 1644 1423 8570
6 7851 4494 3681 3050 6268 5858
6 9049 9446 1712 7383 4040 5979
6 6507 9740 8870 6005 9093 6372
6 820 7613 3258 1260 4856 4007
6 8220 2765 9104 1220 2097 4939
6 2805 7186 4807 5460 5904 6700
6 5604 8246 8740 5086 6531 707
6 1769 9443 8399 7992 8224 1355
6 3875 4574 227 8439 6357 7198
6 7277 4634 3656 4009 4460 6118
6 4967 7781 5209 1124 9690 4709
6 4114 4759 9743 1715 8499 7293
6 102 3704 1531 6677 1683 7254
6 5919 3827 5973 7177 8258 4626
6 6613 2713 3534 4784 8131 6243
6 7653 6668 2365 5020 3280 5544
6 4119 2198 2554 593 8668 8361
6 7674 1143 4994 9382 9976 8806
6 7584 5535 8227 3266 7472 5892
6 8424 1925 3460 629 9970 136
6 7080 7297 5903 4655 886 1617
6 4078 2550 1491 4165 9281 9313
6 9168 1539 1556 4250 8055 3725
6 6808 5383 4238 8697 7209 4744
6 2586 3632 9075 4084 4665 9048
6 3425 773 5653 1985 70 3223
6 9888 2607 8934 4933 6820 1362
6 1579 1512 8415 4286 7925 3270
6 6424 6897 6888 215 5647 5814
6 9321 1030 2152 9322 1861 6089
6 7643 4349 7871 1795 2547 4816
6 4960 9692 330 7144 5036 7594
6 7782 1492 2954 1264 8325 6158
6 493 1942 6595 571 5413 2476
6 2209 3025 1805 4156 9839 4810
6 934 7545 4088 8549 9815 5992
6 175 7337 656 3757 9529 1827
6 6423 3492 9361 8884 1158 9146
6 4768 9561 2855 3411 2651 8531
6 6812 8961 5721 5612 1564 7389
6 962 90 9747 6767 5983 3823
6 7914 816 8903 2166 9110 6455
6 2600 1130 5564 2144 8943 4427
6 9141 8730 6992 785 9917 2117
6 5634 862 1704 3733 1168 4912
6 5832 4922 9202 6520 8760 6723
6 8097 9887 915 7249 7802 5785
6 3423 7179 3471 2701 9575 1232
6 6950 9038 810 1257 2760 2529
6 3922 8128 6959 5949 8623 1155
6 1587 3210 7529 4834 3392 50
6 8946 9031 7496 6255 5501 1331
6 577 2086 8080 7957 9127 6548
6 1808 9213 5213 5051 3058 6101
6 13 7006 8969 1681 1548 7445
6 4804 4303 6151 2048 9908 5140
6 8078 8472 7695 4739 7771 9657
6 4904 994 8850 1239 4988 7252
6 9601 436 6093 3292 8214 9198
6 9714 1831 6294 5144 6672 7197
6 3060 2766 8592 6322 6318 5341
6 8849 159 1021 5726 7423 2392
6 3709 1415 1186 9097 9793 3995
6 3592 286 2649 7723 7082 6579
6 3766 7639 3630 3238 54 3374
6 3249 9688 5908 6868 38 828
6 1574 1387 1751 5654 5480 6209
6 3873 7566 4503 8421 7076 3426
6 2139 4447 7475 4192 353 5019
6 9014 9288 1924 6481 9993 1443
6 4466 5097 5886 1588 868 2284
6 3387 27 1807 4082 7928 826
6 4322 4662 5206 6125 7275 7857
6 1572 8896 9470 5990 9090 5624
6 4141 9718 416 9963 5169 1017
6 526 8183 7402 7773 3191 2294
6 8044 9157 6640 6242 6574 8088
6 6229 4397 2836 9678 3631 4850
6 1711 7606 8134 9258 4869 3996
6 7245 5388 4808 9027 7377 8985
6 701 2847 8166 6292 545 932
6 8099 8121 8073 6016 2935 6103
6 295 275 8286 4053 9821 4993
6 3216 9662 2000 6485 4728 7074
6 3155 23 450 9874 1988 5599
6 8995 5130 7173 7176 741 1374
6 746 8383 6890 1276 2548 7868
6 6392 4805 1816 795 4136 197
6 2672 1846 3027 6766 3955 1108
6 1408 9727 4169 5525 1908 1790
6 6975 3179 191 1016 6434 2360
6 78 9447 2557 6966 6813 113
6 8980 6319 2813 7952 7958 3848
6 4189 2090 3383 3836 6849 5946
6 5014 8364 3501 6262 5018 8606
6 3516 7511 1670 2677 2397 7551
6 1813 2297 5938 5400 3454 2559
6 3363 9248 7358 9096 4873 9034
6 8786 596 9492 5210 8144 8747
6 8057 7175 5113 5229 6456 2063
6 4115 3929 8851 7180 7785 9065
6 4935 1191 5917 9147 4266 4681
6 5062 1125 34 784 1069 8554
6 9111 8394 7014 8992 6449 7453
6 1965 4246 1113 7286 4823 3729
6 4852 5557 8017 4567 4100 3588
6 3042 8468 5740 8966 2076 2104
6 4052 9538 7309 7259 778 3214
6 9925 8406 4481 515 8659 8520
6 1048 5944 128 4887 334 7711
6 654 7704 7421 6794 5395 8343
6 4065 2496 7689 1076 1371 7411
6 4182 3665 2069 5522 5766 5538
6 9861 3235 8297 3722 1935 6745
6 3145 5939 9227 5224 2699 4228
6 4661 4796 5529 163 9372 8241
6 9340 8568 7183 6554 1695 4271
6 9189 8653 8431 5126 7877 634
6 9435 3247 7979 232 2720 5725
6 152 8504 2604 208 9216 1305
6 5057 1595 702 5066 7990 9476
6 7427 9498 2777 3731 6585 6136
6 602 3496 271 9825 5352 9710
6 42 6488 4091 9242 1933 1937
6 6197 1359 3339 7016 4379 4615
6 4760 3628 336 2295 5890 6013
6 2378 2864 5077 9773 4092 9041
6 5046 6980 1983 5706 8538 8244
6 7633 4066 1140 908 6581 9517
6 445 3452 7638 4903 3798 1634
6 9371 5336 8513 3881 6115 5937
6 3590 9957 4068 9831 2408 6654
6 660 6770 8400 3847 2092 3041
6 4473 846 5914 1093 7989 31
6 4071 9243 5898 8293 2859 9320
6 5552 3181 108 4093 2606 453
6 7828 1035 1192 5166 6368 2501
6 3236 5467 1037 5318 8989 9613
6 7662 7539 6475 6779 71 9778
6 7937 6001 544 4730 9007 6988
6 1109 2803 417 2138 1144 4619
6 1472 7030 276 5368 387 6358
6 570 9589 3643 6566 3622 2385
6 7576 3782 3260 7087 8938 5926
6 5465 612 9522 7408 2416 9987
6 2993 6154 4870 2468 2790 1105
6 3902 1425 3312 6731 331 501
6 1641 2583 9787 8954 6728 3207
6 1466 1038 5472 2258 2463 769
6 8551 352 26 8375 5848 5543
6 8090 6671 7394 1131 1176 8011
6 4753 8207 3640 3949 9906 9767
6 9488 6497 7929 5693 8345 9927
6 207 8948 8503 4514 4425 5609
6 9215 5008 6463 8746 8248 8986
6 7148 4236 2512 8756 4601 5374
6 138 6062 6416 2622 8094 4592
6 558 5613 5942 5682 5118 937
6 1386 3551 7694 8320 403 7966
6 9988 1271 3302 703 3778 8070
6 9543 626 9685 3033 8446 6776
6 666 9136 144 9665 8020 7772
6 5777 405 8797 2053 1929 6094
6 2265 4878 2205 3804 7300 1255
6 4398 9826 3385 5351 1147 2829
6 4764 6597 8356 5188 7549 8290
6 3511 4989 6970 8012 7663 4422
6 2823 1312 61 590 710 6722
6 9282 2351 7335 6341 4294 3202
6 601 4392 9797 9407 3974 6189
6 3153 8205 5675 6105 6082 7474
6 671 7494 1036 2918 8185 1607
6 9155 3505 4803 216 5840 6217
6 2636 7216 3618 8865 8278 9349
6 4077 7720 1205 9961 5664 5481
6 8453 3169 5156 9504 9501 1399
6 6845 7487 9699 5348 9010 2968
6 8561 698 5345 1487 6429 8539
6 993 2202 1818 7464 3759 6969
6 9872 1896 8481 704 339 4135
6 9742 7574 1148 2673 143 8268
6 4974 523 3679 3019 1829 2804
6 8724 6152 8118 7299 6253 6498
6 2452 9417 3324 1593 1744 9995
6 9890 476 1860 3001 4743 1690
6 3123 6347 6655 7201 4925 7270
6 724 8590 6928 8093 2056 4111
6 7901 8447 2693 4597 1721 6656
6 7883 7343 2715 1804 877 5227
6 3815 1893 1862 8609 4045 1235
6 7256 3775 5377 6643 2500 9882
6 3256 534 3333 5323 8864 277
6 6638 7096 8625 1004 4986 7947
6 5500 8440 6003 2642 2165 1990
6 8315 6683 40 8790 5265 5033
6 7822 8835 5115 3917 922 5320
6 9696 6785 9933 4313 8137 3634
6 8407 3533 4239 5683 8915 7907
6 6891 3482 5669 5580 2761 5851
6 9284 6720 874 2644 6399 9481
6 4469 8339 7552 8239 3028 3748
6 2652 6931 3698 8442 1170 4659
6 8709 7946 8875 9238 9256 531
6 9814 7222 7219 2637 1498 900
6 4801 5608 2876 9456 628 8114
6 1187 6425 2012 3783 3941 6051
6 1577 3119 7982 9585 2800 3143
6 5798 4474 9459 9477 5504 6422
6 6669 8366 4769 402 3944 1627
6 6330 5241 7698 1414 9763 3227
6 3233 4390 2399 4975 3446 9895
5 8595 1062 1590 365 2171
6 9211 3171 3598 5138 557 9478
5 4616 8523 5553 5353 5800
5 7760 5756 7384 147 6873
6 804 5049 3659 679 7077 2107
5 2417 1468 5129 690 7233
5 7995 8657 350 2762 1856
5 8644 1060 1976 3997 5947
5 6603 8152 429 3528 2615
5 5160 9850 6258 1322 2939
5 2146 2795 5247 6452 2220
5 8372 839 2305 250 5767
5 1753 4433 3921 93 1451
5 7324 766 479 3619 7831
5 8698 1424 9042 8454 2730